<?xml version="1.0" encoding="UTF-8"?>
<testsuite xmlns:xsi="http://www.w3.org/2001/XMLSchema-instance" xsi:noNamespaceSchemaLocation="https://maven.apache.org/surefire/maven-surefire-plugin/xsd/surefire-test-report.xsd" name="nl.tudelft.jpacman.e2e.framework.startup.StartupTest" time="0.361" tests="3" errors="0" skipped="0" failures="0">
  <properties>
[...]
</properties>
  <testcase name="Given the user has launched the JPacman GUI" classname="nl.tudelft.jpacman.e2e.framework.startup.StartupTest" time="0.003"/>
  <testcase name="When the user presses the &quot;Start&quot; button" classname="nl.tudelft.jpacman.e2e.framework.startup.StartupTest" time="0"/>
  <testcase name="Then the game is running" classname="nl.tudelft.jpacman.e2e.framework.startup.StartupTest" time="0"/>
</testsuite>