<?xml version="1.0" encoding="UTF-8" standalone="yes"?><!DOCTYPE report PUBLIC "-//JACOCO//DTD Report 1.1//EN" "report.dtd"><report name="jpacman-framework"><sessioninfo id="impulse-882dae51" start="1663933123446" dump="1663933125158"/><sessioninfo id="kronii-c94dbaa8" start="1664102781246" dump="1664102782221"/><sessioninfo id="kronii-27351b13" start="1664102990096" dump="1664102991018"/><sessioninfo id="kronii-cfd522d9" start="1664103305447" dump="1664103306227"/><sessioninfo id="kronii-3f32459" start="1664103340475" dump="1664103341296"/><sessioninfo id="kronii-3d25a6bf" start="1664103432051" dump="1664103432796"/><sessioninfo id="kronii-36796140" start="1664103554140" dump="1664103554943"/><sessioninfo id="kronii-9693d43a" start="1664103581571" dump="1664103582448"/><sessioninfo id="kronii-32bd452f" start="1664103798293" dump="1664103799041"/><sessioninfo id="kronii-de74620b" start="1664104665234" dump="1664104666085"/><sessioninfo id="kronii-ce13618e" start="1664105694268" dump="1664105695024"/><sessioninfo id="kronii-36e0f6d2" start="1664106514566" dump="1664106515446"/></report>